0 info it worked if it ends with ok
1 verbose cli [ '/home/mukundap/.nvm/versions/node/v6.1.0/bin/node',
1 verbose cli   '/home/mukundap/.nvm/versions/node/v6.1.0/bin/npm',
1 verbose cli   'run',
1 verbose cli   'publish' ]
2 info using npm@3.8.6
3 info using node@v6.1.0
4 verbose run-script [ 'prepublish', 'publish', 'postpublish' ]
5 info lifecycle root@~prepublish: root@
6 silly lifecycle root@~prepublish: no script for prepublish, continuing
7 info lifecycle root@~publish: root@
8 verbose lifecycle root@~publish: unsafe-perm in lifecycle true
9 verbose lifecycle root@~publish: PATH: /home/mukundap/.nvm/versions/node/v6.1.0/lib/node_modules/npm/bin/node-gyp-bin:/home/mukundap/projects/hospital/node_modules/.bin:/home/mukundap/.nvm/versions/node/v6.1.0/bin:/home/mukundap/.nvm/versions/node/v6.1.0/bin:/usr/local/sbin:/usr/local/bin:/usr/sbin:/usr/bin:/sbin:/bin:/usr/games:/usr/local/games:/snap/bin
10 verbose lifecycle root@~publish: CWD: /home/mukundap/projects/hospital
11 silly lifecycle root@~publish: Args: [ '-c', 'lerna run tsc && lerna publish' ]
12 silly lifecycle root@~publish: Returned: code: 1  signal: null
13 info lifecycle root@~publish: Failed to exec publish script
14 verbose stack Error: root@ publish: `lerna run tsc && lerna publish`
14 verbose stack Exit status 1
14 verbose stack     at EventEmitter.<anonymous> (/home/mukundap/.nvm/versions/node/v6.1.0/lib/node_modules/npm/lib/utils/lifecycle.js:239:16)
14 verbose stack     at emitTwo (events.js:106:13)
14 verbose stack     at EventEmitter.emit (events.js:191:7)
14 verbose stack     at ChildProcess.<anonymous> (/home/mukundap/.nvm/versions/node/v6.1.0/lib/node_modules/npm/lib/utils/spawn.js:24:14)
14 verbose stack     at emitTwo (events.js:106:13)
14 verbose stack     at ChildProcess.emit (events.js:191:7)
14 verbose stack     at maybeClose (internal/child_process.js:850:16)
14 verbose stack     at Process.ChildProcess._handle.onexit (internal/child_process.js:215:5)
15 verbose pkgid root@
16 verbose cwd /home/mukundap/projects/hospital
17 error Linux 4.15.0-29-generic
18 error argv "/home/mukundap/.nvm/versions/node/v6.1.0/bin/node" "/home/mukundap/.nvm/versions/node/v6.1.0/bin/npm" "run" "publish"
19 error node v6.1.0
20 error npm  v3.8.6
21 error code ELIFECYCLE
22 error root@ publish: `lerna run tsc && lerna publish`
22 error Exit status 1
23 error Failed at the root@ publish script 'lerna run tsc && lerna publish'.
23 error Make sure you have the latest version of node.js and npm installed.
23 error If you do, this is most likely a problem with the root package,
23 error not with npm itself.
23 error Tell the author that this fails on your system:
23 error     lerna run tsc && lerna publish
23 error You can get information on how to open an issue for this project with:
23 error     npm bugs root
23 error Or if that isn't available, you can get their info via:
23 error     npm owner ls root
23 error There is likely additional logging output above.
24 verbose exit [ 1, true ]
